\BOOKMARK [1][-]{section.1}{Introduction}{}% 1
\BOOKMARK [1][-]{section.2}{Principles of using TMB for MLE}{}% 2
\BOOKMARK [2][-]{subsection.2.1}{Setup}{section.2}% 3
\BOOKMARK [2][-]{subsection.2.2}{Linear regression example}{section.2}% 4
\BOOKMARK [1][-]{section.3}{Parameter estimation techniques for HMMs}{}% 5
\BOOKMARK [2][-]{subsection.3.1}{Basic notation and model setup}{section.3}% 6
\BOOKMARK [2][-]{subsection.3.2}{The likelihood function of an HMM}{section.3}% 7
\BOOKMARK [2][-]{subsection.3.3}{Forward algorithm and backward algorithm}{section.3}% 8
\BOOKMARK [2][-]{subsection.3.4}{Reparametrization of the likelihood function}{section.3}% 9
\BOOKMARK [1][-]{section.4}{Using TMB}{}% 10
\BOOKMARK [2][-]{subsection.4.1}{Likelihood function}{section.4}% 11
\BOOKMARK [2][-]{subsection.4.2}{Optimization}{section.4}% 12
\BOOKMARK [2][-]{subsection.4.3}{Basic nested model specification}{section.4}% 13
\BOOKMARK [2][-]{subsection.4.4}{State inference and forecasting}{section.4}% 14
\BOOKMARK [1][-]{section.5}{Confidence intervals}{}% 15
\BOOKMARK [2][-]{subsection.5.1}{Wald-type confidence intervals based on the Hessian}{section.5}% 16
\BOOKMARK [2][-]{subsection.5.2}{Likelihood profile based confidence intervals}{section.5}% 17
\BOOKMARK [2][-]{subsection.5.3}{Bootstrap-based confidence intervals}{section.5}% 18
\BOOKMARK [1][-]{section.6}{Application to different data sets}{}% 19
\BOOKMARK [2][-]{subsection.6.1}{TYT data}{section.6}% 20
\BOOKMARK [2][-]{subsection.6.2}{Lamb data}{section.6}% 21
\BOOKMARK [2][-]{subsection.6.3}{Simulation study}{section.6}% 22
\BOOKMARK [1][-]{section.7}{Discussion}{}% 23
\BOOKMARK [1][-]{section*.2}{References}{}% 24
